# JRE version: Java(TM) SE Runtime Environment (8.0_20-b23) (build 1.8.0_20-ea-b23)
# Java VM: Java HotSpot(TM) 64-Bit Server VM (25.20-b22 mixed mode bsd-amd64 compressed oops)
Heap:
 par new generation   total 613440K, used 380190K [0x00000006c0000000, 0x00000006e9990000, 0x00000006e9990000)
  eden space 545344K,  69% used [0x00000006c0000000, 0x00000006d7347b98, 0x00000006e1490000)
  from space 68096K,   0% used [0x00000006e1490000, 0x00000006e1490000, 0x00000006e5710000)
  to   space 68096K,   0% used [0x00000006e5710000, 0x00000006e5710000, 0x00000006e9990000)
 concurrent mark-sweep generation total 1765992K, used 1059593K [0x00000006e9990000, 0x000000075562a000, 0x00000007c0000000)
 Metaspace       used 141644K, capacity 192750K, committed 314196K, reserved 1265664K
  class space    used 38202K, capacity 59282K, committed 98448K, reserved 1048576K
GC Heap History (10 events):
Event: 15006.470 GC heap before
{Heap before GC invocations=3277 (full 5):
 par new generation   total 78656K, used 70202K [0x00000006c0000000, 0x00000006c5550000, 0x00000006e9990000)
  eden space 69952K, 100% used [0x00000006c0000000, 0x00000006c4450000, 0x00000006c4450000)
  from space 8704K,   2% used [0x00000006c4cd0000, 0x00000006c4d0eb38, 0x00000006c5550000)
  to   space 8704K,   0% used [0x00000006c4450000, 0x00000006c4450000, 0x00000006c4cd0000)
 concurrent mark-sweep generation total 174784K, used 159634K [0x00000006e9990000, 0x00000006f4440000, 0x00000007c0000000)
 Metaspace       used 222965K, capacity 313988K, committed 314196K, reserved 1265664K
  class space    used 62538K, capacity 98404K, committed 98448K, reserved 1048576K
Event: 15006.476 GC heap after
Heap after GC invocations=3278 (full 5):
 par new generation   total 78656K, used 183K [0x00000006c0000000, 0x00000006c5550000, 0x00000006e9990000)
  eden space 69952K,   0% used [0x00000006c0000000, 0x00000006c0000000, 0x00000006c4450000)
  from space 8704K,   2% used [0x00000006c4450000, 0x00000006c447dfe0, 0x00000006c4cd0000)
  to   space 8704K,   0% used [0x00000006c4cd0000, 0x00000006c4cd0000, 0x00000006c5550000)
 concurrent mark-sweep generation total 174784K, used 159649K [0x00000006e9990000, 0x00000006f4440000, 0x00000007c0000000)
 Metaspace       used 222965K, capacity 313988K, committed 314196K, reserved 1265664K
  class space    used 62538K, capacity 98404K, committed 98448K, reserved 1048576K
}
Event: 15006.485 GC heap before
{Heap before GC invocations=3278 (full 5):
 par new generation   total 78656K, used 70135K [0x00000006c0000000, 0x00000006c5550000, 0x00000006e9990000)
  eden space 69952K, 100% used [0x00000006c0000000, 0x00000006c4450000, 0x00000006c4450000)
  from space 8704K,   2% used [0x00000006c4450000, 0x00000006c447dfe0, 0x00000006c4cd0000)
  to   space 8704K,   0% used [0x00000006c4cd0000, 0x00000006c4cd0000, 0x00000006c5550000)
 concurrent mark-sweep generation total 174784K, used 159649K [0x00000006e9990000, 0x00000006f4440000, 0x00000007c0000000)
 Metaspace       used 222965K, capacity 313988K, committed 314196K, reserved 1265664K
  class space    used 62538K, capacity 98404K, committed 98448K, reserved 1048576K
Event: 15006.490 GC heap after
Heap after GC invocations=3279 (full 5):
 par new generation   total 78656K, used 232K [0x00000006c0000000, 0x00000006c5550000, 0x00000006e9990000)
  eden space 69952K,   0% used [0x00000006c0000000, 0x00000006c0000000, 0x00000006c4450000)
  from space 8704K,   2% used [0x00000006c4cd0000, 0x00000006c4d0a278, 0x00000006c5550000)
  to   space 8704K,   0% used [0x00000006c4450000, 0x00000006c4450000, 0x00000006c4cd0000)
 concurrent mark-sweep generation total 174784K, used 159665K [0x00000006e9990000, 0x00000006f4440000, 0x00000007c0000000)
 Metaspace       used 222965K, capacity 313988K, committed 314196K, reserved 1265664K
  class space    used 62538K, capacity 98404K, committed 98448K, reserved 1048576K
}
Event: 15006.496 GC heap before
{Heap before GC invocations=3279 (full 5):
 par new generation   total 78656K, used 8004K [0x00000006c0000000, 0x00000006c5550000, 0x00000006e9990000)
  eden space 69952K,  11% used [0x00000006c0000000, 0x00000006c0796f58, 0x00000006c4450000)
  from space 8704K,   2% used [0x00000006c4cd0000, 0x00000006c4d0a278, 0x00000006c5550000)
  to   space 8704K,   0% used [0x00000006c4450000, 0x00000006c4450000, 0x00000006c4cd0000)
 concurrent mark-sweep generation total 174784K, used 159665K [0x00000006e9990000, 0x00000006f4440000, 0x00000007c0000000)
 Metaspace       used 222968K, capacity 313988K, committed 314196K, reserved 1265664K
  class space    used 62538K, capacity 98404K, committed 98448K, reserved 1048576K
Event: 15007.018 GC heap after
Heap after GC invocations=3280 (full 6):
 par new generation   total 78912K, used 0K [0x00000006c0000000, 0x00000006c5590000, 0x00000006e9990000)
  eden space 70208K,   0% used [0x00000006c0000000, 0x00000006c0000000, 0x00000006c4490000)
  from space 8704K,   0% used [0x00000006c4490000, 0x00000006c4490000, 0x00000006c4d10000)
  to   space 8704K,   0% used [0x00000006c4d10000, 0x00000006c4d10000, 0x00000006c5590000)
 concurrent mark-sweep generation total 174784K, used 70056K [0x00000006e9990000, 0x00000006f4440000, 0x00000007c0000000)
 Metaspace       used 148740K, capacity 202314K, committed 314196K, reserved 1265664K
  class space    used 40351K, capacity 62642K, committed 98448K, reserved 1048576K
}
Event: 15007.545 GC heap before
{Heap before GC invocations=3280 (full 7):
 par new generation   total 78912K, used 510K [0x00000006c0000000, 0x00000006c5590000, 0x00000006e9990000)
  eden space 70208K,   0% used [0x00000006c0000000, 0x00000006c007faa8, 0x00000006c4490000)
  from space 8704K,   0% used [0x00000006c4490000, 0x00000006c4490000, 0x00000006c4d10000)
  to   space 8704K,   0% used [0x00000006c4d10000, 0x00000006c4d10000, 0x00000006c5590000)
 concurrent mark-sweep generation total 554424K, used 449696K [0x00000006e9990000, 0x000000070b6fe000, 0x00000007c0000000)
 Metaspace       used 148740K, capacity 202314K, committed 314196K, reserved 1265664K
  class space    used 40351K, capacity 62642K, committed 98448K, reserved 1048576K
Event: 15007.972 GC heap after
Heap after GC invocations=3281 (full 8):
 par new generation   total 337536K, used 0K [0x00000006c0000000, 0x00000006d6e30000, 0x00000006e9990000)
  eden space 300096K,   0% used [0x00000006c0000000, 0x00000006c0000000, 0x00000006d2510000)
  from space 37440K,   0% used [0x00000006d2510000, 0x00000006d2510000, 0x00000006d49a0000)
  to   space 37440K,   0% used [0x00000006d49a0000, 0x00000006d49a0000, 0x00000006d6e30000)
 concurrent mark-sweep generation total 749496K, used 449696K [0x00000006e9990000, 0x000000071757e000, 0x00000007c0000000)
 Metaspace       used 148740K, capacity 202314K, committed 314196K, reserved 1265664K
  class space    used 40351K, capacity 62642K, committed 98448K, reserved 1048576K
}
Event: 15008.223 GC heap before
{Heap before GC invocations=3281 (full 8):
 par new generation   total 337536K, used 3053K [0x00000006c0000000, 0x00000006d6e30000, 0x00000006e9990000)
  eden space 300096K,   1% used [0x00000006c0000000, 0x00000006c02fb680, 0x00000006d2510000)
  from space 37440K,   0% used [0x00000006d2510000, 0x00000006d2510000, 0x00000006d49a0000)
  to   space 37440K,   0% used [0x00000006d49a0000, 0x00000006d49a0000, 0x00000006d6e30000)
 concurrent mark-sweep generation total 1361712K, used 1061910K [0x00000006e9990000, 0x000000073cb5c000, 0x00000007c0000000)
 Metaspace       used 148740K, capacity 202314K, committed 314196K, reserved 1265664K
  class space    used 40351K, capacity 62642K, committed 98448K, reserved 1048576K
Event: 15008.742 GC heap after
Heap after GC invocations=3282 (full 9):
 par new generation   total 613440K, used 0K [0x00000006c0000000, 0x00000006e9990000, 0x00000006e9990000)
  eden space 545344K,   0% used [0x00000006c0000000, 0x00000006c0000000, 0x00000006e1490000)
  from space 68096K,   0% used [0x00000006e1490000, 0x00000006e1490000, 0x00000006e5710000)
  to   space 68096K,   0% used [0x00000006e5710000, 0x00000006e5710000, 0x00000006e9990000)
 concurrent mark-sweep generation total 1765992K, used 1059593K [0x00000006e9990000, 0x000000075562a000, 0x00000007c0000000)
 Metaspace       used 141644K, capacity 192750K, committed 314196K, reserved 1265664K
  class space    used 38202K, capacity 59282K, committed 98448K, reserved 1048576K
}

